2022/08/04 10:01:49 [emerg] 1#1: host not found in upstream "app" in /etc/nginx/conf.d/vhost.conf:13
2022/08/04 10:02:05 [emerg] 1#1: host not found in upstream "app" in /etc/nginx/conf.d/vhost.conf:13
2022/08/04 10:09:20 [emerg] 1#1: host not found in upstream "app" in /etc/nginx/conf.d/vhost.conf:13
2022/08/04 10:10:01 [emerg] 1#1: host not found in upstream "app" in /etc/nginx/conf.d/vhost.conf:14
2022/08/04 10:12:05 [emerg] 1#1: host not found in upstream "app" in /etc/nginx/conf.d/vhost.conf:14
2022/08/04 10:12:54 [emerg] 1#1: host not found in upstream "app" in /etc/nginx/conf.d/vhost.conf:14
2022/08/04 10:15:33 [notice] 1#1: using the "epoll" event method
2022/08/04 10:15:33 [notice] 1#1: nginx/1.21.3
2022/08/04 10:15:33 [notice] 1#1: built by gcc 10.3.1 20210424 (Alpine 10.3.1_git20210424) 
2022/08/04 10:15:33 [notice] 1#1: OS: Linux 5.4.72-microsoft-standard-WSL2
2022/08/04 10:15:33 [notice] 1#1: getrlimit(RLIMIT_NOFILE): 1048576:1048576
2022/08/04 10:15:33 [notice] 1#1: start worker processes
2022/08/04 10:15:33 [notice] 1#1: start worker process 23
2022/08/04 10:15:33 [notice] 1#1: start worker process 24
2022/08/04 10:15:33 [notice] 1#1: start worker process 25
2022/08/04 10:15:33 [notice] 1#1: start worker process 26
2022/08/04 10:15:33 [notice] 1#1: start worker process 27
2022/08/04 10:15:33 [notice] 1#1: start worker process 28
2022/08/04 10:15:33 [notice] 1#1: start worker process 29
2022/08/04 10:15:33 [notice] 1#1: start worker process 30
